{"/home/luca/Desktop/codice-plastico/src/Grid.ts": {"path":"/home/luca/Desktop/codice-plastico/src/Grid.ts","statementMap":{"0":{"start":{"line":1,"column":0},"end":{"line":1,"column":34}},"1":{"start":{"line":2,"column":0},"end":{"line":2,"column":41}},"2":{"start":{"line":5,"column":0},"end":{"line":5,"column":43}},"3":{"start":{"line":8,"column":0},"end":{"line":8,"column":null}},"4":{"start":{"line":15,"column":40},"end":{"line":15,"column":71}},"5":{"start":{"line":16,"column":4},"end":{"line":16,"column":21}},"6":{"start":{"line":17,"column":4},"end":{"line":17,"column":21}},"7":{"start":{"line":18,"column":4},"end":{"line":18,"column":19}},"8":{"start":{"line":19,"column":4},"end":{"line":19,"column":24}},"9":{"start":{"line":21,"column":4},"end":{"line":23,"column":null}},"10":{"start":{"line":21,"column":17},"end":{"line":21,"column":18}},"11":{"start":{"line":22,"column":6},"end":{"line":22,"column":37}},"12":{"start":{"line":26,"column":4},"end":{"line":28,"column":null}},"13":{"start":{"line":27,"column":6},"end":{"line":27,"column":39}},"14":{"start":{"line":30,"column":4},"end":{"line":30,"column":52}},"15":{"start":{"line":33,"column":2},"end":{"line":35,"column":null}},"16":{"start":{"line":34,"column":4},"end":{"line":34,"column":33}},"17":{"start":{"line":37,"column":2},"end":{"line":39,"column":null}},"18":{"start":{"line":38,"column":4},"end":{"line":38,"column":27}},"19":{"start":{"line":40,"column":2},"end":{"line":42,"column":null}},"20":{"start":{"line":41,"column":4},"end":{"line":41,"column":29}},"21":{"start":{"line":43,"column":2},"end":{"line":45,"column":null}},"22":{"start":{"line":44,"column":4},"end":{"line":44,"column":32}},"23":{"start":{"line":47,"column":2},"end":{"line":52,"column":null}},"24":{"start":{"line":48,"column":14},"end":{"line":48,"column":27}},"25":{"start":{"line":49,"column":4},"end":{"line":49,"column":36}},"26":{"start":{"line":49,"column":23},"end":{"line":49,"column":36}},"27":{"start":{"line":51,"column":4},"end":{"line":51,"column":16}},"28":{"start":{"line":54,"column":2},"end":{"line":66,"column":null}},"29":{"start":{"line":54,"column":26},"end":{"line":54,"column":null}},"30":{"start":{"line":55,"column":4},"end":{"line":65,"column":null}},"31":{"start":{"line":55,"column":17},"end":{"line":55,"column":18}},"32":{"start":{"line":56,"column":14},"end":{"line":56,"column":51}},"33":{"start":{"line":57,"column":14},"end":{"line":57,"column":51}},"34":{"start":{"line":58,"column":6},"end":{"line":61,"column":null}},"35":{"start":{"line":59,"column":8},"end":{"line":59,"column":50}},"36":{"start":{"line":60,"column":8},"end":{"line":60,"column":50}},"37":{"start":{"line":62,"column":23},"end":{"line":62,"column":41}},"38":{"start":{"line":63,"column":6},"end":{"line":63,"column":null}},"39":{"start":{"line":64,"column":6},"end":{"line":64,"column":33}},"40":{"start":{"line":68,"column":2},"end":{"line":73,"column":null}},"41":{"start":{"line":69,"column":4},"end":{"line":69,"column":82}},"42":{"start":{"line":70,"column":4},"end":{"line":70,"column":82}},"43":{"start":{"line":71,"column":4},"end":{"line":71,"column":44}},"44":{"start":{"line":72,"column":4},"end":{"line":72,"column":20}},"45":{"start":{"line":75,"column":2},"end":{"line":83,"column":null}},"46":{"start":{"line":76,"column":12},"end":{"line":76,"column":49}},"47":{"start":{"line":77,"column":12},"end":{"line":77,"column":49}},"48":{"start":{"line":78,"column":4},"end":{"line":81,"column":null}},"49":{"start":{"line":79,"column":6},"end":{"line":79,"column":48}},"50":{"start":{"line":80,"column":6},"end":{"line":80,"column":48}},"51":{"start":{"line":82,"column":4},"end":{"line":82,"column":17}},"52":{"start":{"line":85,"column":2},"end":{"line":99,"column":null}},"53":{"start":{"line":86,"column":14},"end":{"line":86,"column":16}},"54":{"start":{"line":87,"column":4},"end":{"line":97,"column":null}},"55":{"start":{"line":87,"column":17},"end":{"line":87,"column":18}},"56":{"start":{"line":88,"column":6},"end":{"line":95,"column":null}},"57":{"start":{"line":88,"column":19},"end":{"line":88,"column":20}},"58":{"start":{"line":89,"column":23},"end":{"line":89,"column":36}},"59":{"start":{"line":90,"column":8},"end":{"line":94,"column":null}},"60":{"start":{"line":91,"column":10},"end":{"line":91,"column":31}},"61":{"start":{"line":93,"column":10},"end":{"line":93,"column":35}},"62":{"start":{"line":96,"column":6},"end":{"line":96,"column":18}},"63":{"start":{"line":98,"column":4},"end":{"line":98,"column":15}},"64":{"start":{"line":11,"column":14},"end":{"line":11,"column":null}},"65":{"start":{"line":100,"column":0},"end":{"line":100,"column":null}},"66":{"start":{"line":102,"column":0},"end":{"line":102,"column":20}}},"fnMap":{"0":{"name":"(anonymous_1)","decl":{"start":{"line":8,"column":0},"end":{"line":8,"column":null}},"loc":{"start":{"line":8,"column":0},"end":{"line":8,"column":null}}},"1":{"name":"Grid","decl":{"start":{"line":15,"column":2},"end":{"line":15,"column":14}},"loc":{"start":{"line":15,"column":83},"end":{"line":31,"column":3}}},"2":{"name":"(anonymous_3)","decl":{"start":{"line":33,"column":2},"end":{"line":33,"column":6}},"loc":{"start":{"line":33,"column":2},"end":{"line":35,"column":3}}},"3":{"name":"(anonymous_4)","decl":{"start":{"line":37,"column":2},"end":{"line":37,"column":5}},"loc":{"start":{"line":37,"column":24},"end":{"line":39,"column":3}}},"4":{"name":"(anonymous_5)","decl":{"start":{"line":40,"column":2},"end":{"line":40,"column":5}},"loc":{"start":{"line":40,"column":39},"end":{"line":42,"column":3}}},"5":{"name":"(anonymous_6)","decl":{"start":{"line":43,"column":2},"end":{"line":43,"column":7}},"loc":{"start":{"line":43,"column":26},"end":{"line":45,"column":3}}},"6":{"name":"(anonymous_7)","decl":{"start":{"line":47,"column":2},"end":{"line":47,"column":12}},"loc":{"start":{"line":47,"column":31},"end":{"line":52,"column":3}}},"7":{"name":"(anonymous_8)","decl":{"start":{"line":54,"column":2},"end":{"line":54,"column":25}},"loc":{"start":{"line":54,"column":55},"end":{"line":66,"column":3}}},"8":{"name":"(anonymous_9)","decl":{"start":{"line":68,"column":2},"end":{"line":68,"column":11}},"loc":{"start":{"line":68,"column":29},"end":{"line":73,"column":3}}},"9":{"name":"(anonymous_10)","decl":{"start":{"line":75,"column":2},"end":{"line":75,"column":16}},"loc":{"start":{"line":75,"column":2},"end":{"line":83,"column":3}}},"10":{"name":"(anonymous_11)","decl":{"start":{"line":85,"column":2},"end":{"line":85,"column":10}},"loc":{"start":{"line":85,"column":2},"end":{"line":99,"column":3}}}},"branchMap":{"0":{"loc":{"start":{"line":15,"column":40},"end":{"line":15,"column":71}},"type":"if","locations":[{"start":{"line":15,"column":40},"end":{"line":15,"column":71}},{"start":{"line":15,"column":40},"end":{"line":15,"column":71}}]},"1":{"loc":{"start":{"line":26,"column":4},"end":{"line":28,"column":null}},"type":"if","locations":[{"start":{"line":26,"column":4},"end":{"line":28,"column":null}},{"start":{"line":26,"column":4},"end":{"line":28,"column":null}}]},"2":{"loc":{"start":{"line":49,"column":4},"end":{"line":49,"column":36}},"type":"if","locations":[{"start":{"line":49,"column":4},"end":{"line":49,"column":36}},{"start":{"line":49,"column":4},"end":{"line":49,"column":36}}]},"3":{"loc":{"start":{"line":49,"column":7},"end":{"line":49,"column":9}},"type":"binary-expr","locations":[{"start":{"line":49,"column":7},"end":{"line":49,"column":9}},{"start":{"line":49,"column":13},"end":{"line":49,"column":21}}]},"4":{"loc":{"start":{"line":54,"column":26},"end":{"line":54,"column":null}},"type":"if","locations":[{"start":{"line":54,"column":26},"end":{"line":54,"column":null}},{"start":{"line":54,"column":26},"end":{"line":54,"column":null}}]},"5":{"loc":{"start":{"line":69,"column":34},"end":{"line":69,"column":56}},"type":"cond-expr","locations":[{"start":{"line":69,"column":34},"end":{"line":69,"column":56}},{"start":{"line":69,"column":59},"end":{"line":69,"column":81}}]},"6":{"loc":{"start":{"line":70,"column":34},"end":{"line":70,"column":56}},"type":"cond-expr","locations":[{"start":{"line":70,"column":34},"end":{"line":70,"column":56}},{"start":{"line":70,"column":59},"end":{"line":70,"column":81}}]},"7":{"loc":{"start":{"line":90,"column":8},"end":{"line":94,"column":null}},"type":"if","locations":[{"start":{"line":90,"column":8},"end":{"line":94,"column":null}},{"start":{"line":90,"column":8},"end":{"line":94,"column":null}}]}},"s":{"0":3,"1":3,"2":3,"3":3,"4":23,"5":23,"6":23,"7":23,"8":23,"9":23,"10":23,"11":360,"12":23,"13":2,"14":23,"15":3,"16":1,"17":3,"18":629,"19":3,"20":4,"21":3,"22":2,"23":3,"24":11,"25":11,"26":9,"27":2,"28":3,"29":23,"30":23,"31":23,"32":168,"33":168,"34":168,"35":7,"36":7,"37":168,"38":168,"39":168,"40":3,"41":9,"42":9,"43":9,"44":9,"45":3,"46":1,"47":1,"48":1,"49":0,"50":0,"51":1,"52":3,"53":1,"54":1,"55":1,"56":10,"57":10,"58":200,"59":200,"60":186,"61":14,"62":10,"63":1,"64":3,"65":3,"66":3},"f":{"0":3,"1":23,"2":1,"3":629,"4":4,"5":2,"6":11,"7":23,"8":9,"9":1,"10":1},"b":{"0":[0,23],"1":[2,21],"2":[9,2],"3":[11,2],"4":[0,23],"5":[0,9],"6":[0,9],"7":[186,14]}}
,"/home/luca/Desktop/codice-plastico/src/Logger.ts": {"path":"/home/luca/Desktop/codice-plastico/src/Logger.ts","statementMap":{"0":{"start":{"line":1,"column":0},"end":{"line":1,"column":26}},"1":{"start":{"line":2,"column":0},"end":{"line":2,"column":57}},"2":{"start":{"line":3,"column":0},"end":{"line":3,"column":41}},"3":{"start":{"line":5,"column":0},"end":{"line":7,"column":null}},"4":{"start":{"line":6,"column":2},"end":{"line":6,"column":null}},"5":{"start":{"line":9,"column":0},"end":{"line":24,"column":3}}},"fnMap":{},"branchMap":{"0":{"loc":{"start":{"line":5,"column":0},"end":{"line":7,"column":null}},"type":"if","locations":[{"start":{"line":5,"column":0},"end":{"line":7,"column":null}},{"start":{"line":5,"column":0},"end":{"line":7,"column":null}}]},"1":{"loc":{"start":{"line":10,"column":43},"end":{"line":10,"column":50}},"type":"cond-expr","locations":[{"start":{"line":10,"column":43},"end":{"line":10,"column":50}},{"start":{"line":10,"column":53},"end":{"line":10,"column":84}}]},"2":{"loc":{"start":{"line":10,"column":53},"end":{"line":10,"column":74}},"type":"binary-expr","locations":[{"start":{"line":10,"column":53},"end":{"line":10,"column":74}},{"start":{"line":10,"column":78},"end":{"line":10,"column":84}}]}},"s":{"0":2,"1":2,"2":2,"3":2,"4":2,"5":2},"f":{},"b":{"0":[2,0],"1":[2,0],"2":[0,0]}}
,"/home/luca/Desktop/codice-plastico/src/commands/grid.command.ts": {"path":"/home/luca/Desktop/codice-plastico/src/commands/grid.command.ts","statementMap":{"0":{"start":{"line":5,"column":0},"end":{"line":5,"column":null}},"1":{"start":{"line":8,"column":2},"end":{"line":8,"column":23}},"2":{"start":{"line":11,"column":4},"end":{"line":11,"column":23}},"3":{"start":{"line":14,"column":2},"end":{"line":21,"column":null}},"4":{"start":{"line":15,"column":11},"end":{"line":15,"column":16}},"5":{"start":{"line":16,"column":4},"end":{"line":20,"column":7}},"6":{"start":{"line":19,"column":47},"end":{"line":19,"column":76}},"7":{"start":{"line":7,"column":9},"end":{"line":7,"column":30}},"8":{"start":{"line":23,"column":0},"end":{"line":23,"column":null}},"9":{"start":{"line":25,"column":0},"end":{"line":25,"column":27}}},"fnMap":{"0":{"name":"(anonymous_0)","decl":{"start":{"line":5,"column":0},"end":{"line":5,"column":null}},"loc":{"start":{"line":5,"column":0},"end":{"line":5,"column":null}}},"1":{"name":"GridCommand","decl":{"start":{"line":10,"column":2},"end":{"line":10,"column":14}},"loc":{"start":{"line":10,"column":25},"end":{"line":12,"column":3}}},"2":{"name":"(anonymous_2)","decl":{"start":{"line":14,"column":2},"end":{"line":14,"column":6}},"loc":{"start":{"line":14,"column":52},"end":{"line":21,"column":3}}},"3":{"name":"(anonymous_3)","decl":{"start":{"line":19,"column":42},"end":{"line":19,"column":43}},"loc":{"start":{"line":19,"column":43},"end":{"line":19,"column":48}}}},"branchMap":{},"s":{"0":1,"1":1,"2":1,"3":1,"4":1,"5":1,"6":0,"7":1,"8":1,"9":1},"f":{"0":1,"1":1,"2":1,"3":0},"b":{}}
,"/home/luca/Desktop/codice-plastico/src/commands/history.command.ts": {"path":"/home/luca/Desktop/codice-plastico/src/commands/history.command.ts","statementMap":{"0":{"start":{"line":6,"column":0},"end":{"line":6,"column":31}},"1":{"start":{"line":8,"column":0},"end":{"line":8,"column":null}},"2":{"start":{"line":11,"column":2},"end":{"line":11,"column":25}},"3":{"start":{"line":14,"column":4},"end":{"line":14,"column":23}},"4":{"start":{"line":15,"column":4},"end":{"line":15,"column":null}},"5":{"start":{"line":15,"column":39},"end":{"line":15,"column":130}},"6":{"start":{"line":15,"column":120},"end":{"line":15,"column":127}},"7":{"start":{"line":17,"column":2},"end":{"line":21,"column":null}},"8":{"start":{"line":18,"column":11},"end":{"line":18,"column":16}},"9":{"start":{"line":19,"column":4},"end":{"line":19,"column":26}},"10":{"start":{"line":19,"column":19},"end":{"line":19,"column":26}},"11":{"start":{"line":20,"column":4},"end":{"line":20,"column":28}},"12":{"start":{"line":10,"column":9},"end":{"line":10,"column":32}},"13":{"start":{"line":22,"column":0},"end":{"line":22,"column":null}},"14":{"start":{"line":24,"column":0},"end":{"line":24,"column":30}}},"fnMap":{"0":{"name":"(anonymous_0)","decl":{"start":{"line":8,"column":0},"end":{"line":8,"column":null}},"loc":{"start":{"line":8,"column":0},"end":{"line":8,"column":null}}},"1":{"name":"HistoryCommand","decl":{"start":{"line":13,"column":2},"end":{"line":13,"column":14}},"loc":{"start":{"line":13,"column":25},"end":{"line":16,"column":3}}},"2":{"name":"(anonymous_2)","decl":{"start":{"line":15,"column":27},"end":{"line":15,"column":28}},"loc":{"start":{"line":15,"column":34},"end":{"line":15,"column":44}}},"3":{"name":"(anonymous_3)","decl":{"start":{"line":15,"column":97},"end":{"line":15,"column":98}},"loc":{"start":{"line":15,"column":115},"end":{"line":15,"column":121}}},"4":{"name":"(anonymous_4)","decl":{"start":{"line":17,"column":2},"end":{"line":17,"column":6}},"loc":{"start":{"line":17,"column":52},"end":{"line":21,"column":3}}}},"branchMap":{"0":{"loc":{"start":{"line":19,"column":4},"end":{"line":19,"column":26}},"type":"if","locations":[{"start":{"line":19,"column":4},"end":{"line":19,"column":26}},{"start":{"line":19,"column":4},"end":{"line":19,"column":26}}]}},"s":{"0":2,"1":2,"2":3,"3":3,"4":3,"5":3,"6":4,"7":2,"8":2,"9":2,"10":0,"11":2,"12":2,"13":2,"14":2},"f":{"0":2,"1":3,"2":3,"3":4,"4":2},"b":{"0":[0,2]}}
,"/home/luca/Desktop/codice-plastico/src/commands/move.command.ts": {"path":"/home/luca/Desktop/codice-plastico/src/commands/move.command.ts","statementMap":{"0":{"start":{"line":1,"column":0},"end":{"line":1,"column":26}},"1":{"start":{"line":2,"column":0},"end":{"line":2,"column":38}},"2":{"start":{"line":10,"column":25},"end":{"line":10,"column":42}},"3":{"start":{"line":11,"column":28},"end":{"line":11,"column":62}},"4":{"start":{"line":13,"column":0},"end":{"line":13,"column":null}},"5":{"start":{"line":16,"column":2},"end":{"line":16,"column":22}},"6":{"start":{"line":19,"column":4},"end":{"line":19,"column":23}},"7":{"start":{"line":21,"column":2},"end":{"line":93,"column":null}},"8":{"start":{"line":21,"column":2},"end":{"line":21,"column":6}},"9":{"start":{"line":22,"column":11},"end":{"line":22,"column":16}},"10":{"start":{"line":23,"column":11},"end":{"line":23,"column":12}},"11":{"start":{"line":23,"column":14},"end":{"line":23,"column":23}},"12":{"start":{"line":24,"column":4},"end":{"line":92,"column":null}},"13":{"start":{"line":26,"column":35},"end":{"line":26,"column":76}},"14":{"start":{"line":30,"column":10},"end":{"line":90,"column":null}},"15":{"start":{"line":32,"column":14},"end":{"line":32,"column":107}},"16":{"start":{"line":33,"column":14},"end":{"line":38,"column":null}},"17":{"start":{"line":34,"column":16},"end":{"line":37,"column":19}},"18":{"start":{"line":36,"column":30},"end":{"line":36,"column":null}},"19":{"start":{"line":39,"column":14},"end":{"line":39,"column":20}},"20":{"start":{"line":41,"column":14},"end":{"line":41,"column":76}},"21":{"start":{"line":42,"column":14},"end":{"line":47,"column":null}},"22":{"start":{"line":43,"column":16},"end":{"line":46,"column":19}},"23":{"start":{"line":45,"column":30},"end":{"line":45,"column":null}},"24":{"start":{"line":48,"column":14},"end":{"line":48,"column":20}},"25":{"start":{"line":50,"column":29},"end":{"line":50,"column":74}},"26":{"start":{"line":51,"column":44},"end":{"line":54,"column":16}},"27":{"start":{"line":55,"column":14},"end":{"line":59,"column":null}},"28":{"start":{"line":57,"column":16},"end":{"line":57,"column":60}},"29":{"start":{"line":58,"column":16},"end":{"line":58,"column":22}},"30":{"start":{"line":60,"column":14},"end":{"line":60,"column":48}},"31":{"start":{"line":61,"column":14},"end":{"line":61,"column":48}},"32":{"start":{"line":62,"column":14},"end":{"line":68,"column":null}},"33":{"start":{"line":64,"column":16},"end":{"line":67,"column":19}},"34":{"start":{"line":66,"column":30},"end":{"line":66,"column":null}},"35":{"start":{"line":69,"column":14},"end":{"line":69,"column":20}},"36":{"start":{"line":71,"column":29},"end":{"line":71,"column":87}},"37":{"start":{"line":71,"column":84},"end":{"line":71,"column":87}},"38":{"start":{"line":72,"column":44},"end":{"line":75,"column":16}},"39":{"start":{"line":76,"column":14},"end":{"line":79,"column":null}},"40":{"start":{"line":77,"column":16},"end":{"line":77,"column":60}},"41":{"start":{"line":78,"column":16},"end":{"line":78,"column":22}},"42":{"start":{"line":80,"column":14},"end":{"line":80,"column":48}},"43":{"start":{"line":81,"column":14},"end":{"line":81,"column":48}},"44":{"start":{"line":82,"column":14},"end":{"line":88,"column":null}},"45":{"start":{"line":84,"column":16},"end":{"line":87,"column":19}},"46":{"start":{"line":86,"column":30},"end":{"line":86,"column":null}},"47":{"start":{"line":89,"column":14},"end":{"line":89,"column":20}},"48":{"start":{"line":15,"column":9},"end":{"line":15,"column":29}},"49":{"start":{"line":94,"column":0},"end":{"line":94,"column":null}},"50":{"start":{"line":96,"column":0},"end":{"line":96,"column":27}}},"fnMap":{"0":{"name":"(anonymous_0)","decl":{"start":{"line":13,"column":0},"end":{"line":13,"column":null}},"loc":{"start":{"line":13,"column":0},"end":{"line":13,"column":null}}},"1":{"name":"MoveCommand","decl":{"start":{"line":18,"column":2},"end":{"line":18,"column":14}},"loc":{"start":{"line":18,"column":25},"end":{"line":20,"column":3}}},"2":{"name":"(anonymous_2)","decl":{"start":{"line":21,"column":2},"end":{"line":21,"column":6}},"loc":{"start":{"line":21,"column":52},"end":{"line":93,"column":3}}},"3":{"name":"(anonymous_3)","decl":{"start":{"line":26,"column":15},"end":{"line":26,"column":16}},"loc":{"start":{"line":26,"column":30},"end":{"line":26,"column":51}}},"4":{"name":"(anonymous_4)","decl":{"start":{"line":29,"column":14},"end":{"line":29,"column":15}},"loc":{"start":{"line":29,"column":16},"end":{"line":91,"column":9}}},"5":{"name":"(anonymous_5)","decl":{"start":{"line":36,"column":24},"end":{"line":36,"column":30}},"loc":{"start":{"line":36,"column":24},"end":{"line":36,"column":34}}},"6":{"name":"(anonymous_6)","decl":{"start":{"line":45,"column":24},"end":{"line":45,"column":30}},"loc":{"start":{"line":45,"column":24},"end":{"line":45,"column":34}}},"7":{"name":"(anonymous_7)","decl":{"start":{"line":66,"column":24},"end":{"line":66,"column":30}},"loc":{"start":{"line":66,"column":24},"end":{"line":66,"column":34}}},"8":{"name":"(anonymous_8)","decl":{"start":{"line":71,"column":79},"end":{"line":71,"column":80}},"loc":{"start":{"line":71,"column":80},"end":{"line":71,"column":85}}},"9":{"name":"(anonymous_9)","decl":{"start":{"line":86,"column":24},"end":{"line":86,"column":30}},"loc":{"start":{"line":86,"column":24},"end":{"line":86,"column":34}}}},"branchMap":{"0":{"loc":{"start":{"line":31,"column":12},"end":{"line":39,"column":20}},"type":"switch","locations":[{"start":{"line":31,"column":12},"end":{"line":39,"column":20}},{"start":{"line":40,"column":12},"end":{"line":48,"column":20}},{"start":{"line":49,"column":12},"end":{"line":69,"column":20}},{"start":{"line":70,"column":12},"end":{"line":89,"column":20}}]},"1":{"loc":{"start":{"line":32,"column":74},"end":{"line":32,"column":75}},"type":"cond-expr","locations":[{"start":{"line":32,"column":74},"end":{"line":32,"column":75}},{"start":{"line":32,"column":78},"end":{"line":32,"column":106}}]},"2":{"loc":{"start":{"line":33,"column":14},"end":{"line":38,"column":null}},"type":"if","locations":[{"start":{"line":33,"column":14},"end":{"line":38,"column":null}},{"start":{"line":33,"column":14},"end":{"line":38,"column":null}}]},"3":{"loc":{"start":{"line":42,"column":14},"end":{"line":47,"column":null}},"type":"if","locations":[{"start":{"line":42,"column":14},"end":{"line":47,"column":null}},{"start":{"line":42,"column":14},"end":{"line":47,"column":null}}]},"4":{"loc":{"start":{"line":55,"column":14},"end":{"line":59,"column":null}},"type":"if","locations":[{"start":{"line":55,"column":14},"end":{"line":59,"column":null}},{"start":{"line":55,"column":14},"end":{"line":59,"column":null}}]},"5":{"loc":{"start":{"line":62,"column":14},"end":{"line":68,"column":null}},"type":"if","locations":[{"start":{"line":62,"column":14},"end":{"line":68,"column":null}},{"start":{"line":62,"column":14},"end":{"line":68,"column":null}}]},"6":{"loc":{"start":{"line":76,"column":14},"end":{"line":79,"column":null}},"type":"if","locations":[{"start":{"line":76,"column":14},"end":{"line":79,"column":null}},{"start":{"line":76,"column":14},"end":{"line":79,"column":null}}]},"7":{"loc":{"start":{"line":82,"column":14},"end":{"line":88,"column":null}},"type":"if","locations":[{"start":{"line":82,"column":14},"end":{"line":88,"column":null}},{"start":{"line":82,"column":14},"end":{"line":88,"column":null}}]}},"s":{"0":1,"1":1,"2":1,"3":1,"4":1,"5":8,"6":8,"7":1,"8":10,"9":10,"10":10,"11":10,"12":10,"13":14,"14":14,"15":4,"16":4,"17":4,"18":1,"19":4,"20":2,"21":2,"22":1,"23":0,"24":2,"25":6,"26":6,"27":6,"28":1,"29":1,"30":5,"31":5,"32":5,"33":5,"34":1,"35":5,"36":2,"37":4,"38":2,"39":2,"40":0,"41":0,"42":2,"43":2,"44":2,"45":1,"46":0,"47":2,"48":1,"49":1,"50":1},"f":{"0":1,"1":8,"2":10,"3":14,"4":14,"5":1,"6":0,"7":1,"8":4,"9":0},"b":{"0":[4,2,6,2],"1":[0,4],"2":[4,0],"3":[1,1],"4":[1,5],"5":[5,0],"6":[0,2],"7":[1,1]}}
,"/home/luca/Desktop/codice-plastico/src/commands/position.command.ts": {"path":"/home/luca/Desktop/codice-plastico/src/commands/position.command.ts","statementMap":{"0":{"start":{"line":5,"column":0},"end":{"line":5,"column":31}},"1":{"start":{"line":6,"column":0},"end":{"line":6,"column":31}},"2":{"start":{"line":8,"column":0},"end":{"line":8,"column":null}},"3":{"start":{"line":10,"column":2},"end":{"line":10,"column":26}},"4":{"start":{"line":14,"column":4},"end":{"line":14,"column":23}},"5":{"start":{"line":15,"column":4},"end":{"line":18,"column":7}},"6":{"start":{"line":16,"column":6},"end":{"line":16,"column":null}},"7":{"start":{"line":17,"column":6},"end":{"line":17,"column":62}},"8":{"start":{"line":20,"column":2},"end":{"line":24,"column":null}},"9":{"start":{"line":21,"column":11},"end":{"line":21,"column":16}},"10":{"start":{"line":22,"column":4},"end":{"line":22,"column":26}},"11":{"start":{"line":22,"column":19},"end":{"line":22,"column":26}},"12":{"start":{"line":23,"column":4},"end":{"line":23,"column":29}},"13":{"start":{"line":9,"column":9},"end":{"line":9,"column":33}},"14":{"start":{"line":25,"column":0},"end":{"line":25,"column":null}},"15":{"start":{"line":27,"column":0},"end":{"line":27,"column":31}}},"fnMap":{"0":{"name":"(anonymous_0)","decl":{"start":{"line":8,"column":0},"end":{"line":8,"column":null}},"loc":{"start":{"line":8,"column":0},"end":{"line":8,"column":null}}},"1":{"name":"PositionCommand","decl":{"start":{"line":13,"column":2},"end":{"line":13,"column":14}},"loc":{"start":{"line":13,"column":25},"end":{"line":19,"column":3}}},"2":{"name":"(anonymous_2)","decl":{"start":{"line":15,"column":28},"end":{"line":15,"column":29}},"loc":{"start":{"line":15,"column":35},"end":{"line":18,"column":5}}},"3":{"name":"(anonymous_3)","decl":{"start":{"line":20,"column":2},"end":{"line":20,"column":6}},"loc":{"start":{"line":20,"column":51},"end":{"line":24,"column":3}}}},"branchMap":{"0":{"loc":{"start":{"line":22,"column":4},"end":{"line":22,"column":26}},"type":"if","locations":[{"start":{"line":22,"column":4},"end":{"line":22,"column":26}},{"start":{"line":22,"column":4},"end":{"line":22,"column":26}}]}},"s":{"0":2,"1":2,"2":2,"3":3,"4":3,"5":3,"6":1,"7":1,"8":2,"9":6,"10":6,"11":1,"12":5,"13":2,"14":2,"15":2},"f":{"0":2,"1":3,"2":1,"3":6},"b":{"0":[1,5]}}
,"/home/luca/Desktop/codice-plastico/src/commands/undo.command.ts": {"path":"/home/luca/Desktop/codice-plastico/src/commands/undo.command.ts","statementMap":{"0":{"start":{"line":6,"column":0},"end":{"line":6,"column":null}},"1":{"start":{"line":8,"column":2},"end":{"line":8,"column":22}},"2":{"start":{"line":12,"column":4},"end":{"line":12,"column":23}},"3":{"start":{"line":15,"column":2},"end":{"line":22,"column":null}},"4":{"start":{"line":16,"column":11},"end":{"line":16,"column":16}},"5":{"start":{"line":17,"column":18},"end":{"line":17,"column":39}},"6":{"start":{"line":18,"column":4},"end":{"line":21,"column":null}},"7":{"start":{"line":18,"column":17},"end":{"line":18,"column":18}},"8":{"start":{"line":19,"column":38},"end":{"line":19,"column":57}},"9":{"start":{"line":20,"column":6},"end":{"line":20,"column":21}},"10":{"start":{"line":7,"column":9},"end":{"line":7,"column":29}},"11":{"start":{"line":23,"column":0},"end":{"line":23,"column":null}},"12":{"start":{"line":25,"column":0},"end":{"line":25,"column":27}}},"fnMap":{"0":{"name":"(anonymous_0)","decl":{"start":{"line":6,"column":0},"end":{"line":6,"column":null}},"loc":{"start":{"line":6,"column":0},"end":{"line":6,"column":null}}},"1":{"name":"UndoCommand","decl":{"start":{"line":11,"column":2},"end":{"line":11,"column":14}},"loc":{"start":{"line":11,"column":25},"end":{"line":13,"column":3}}},"2":{"name":"(anonymous_2)","decl":{"start":{"line":15,"column":2},"end":{"line":15,"column":6}},"loc":{"start":{"line":15,"column":50},"end":{"line":22,"column":3}}}},"branchMap":{"0":{"loc":{"start":{"line":17,"column":27},"end":{"line":17,"column":33}},"type":"binary-expr","locations":[{"start":{"line":17,"column":27},"end":{"line":17,"column":33}},{"start":{"line":17,"column":37},"end":{"line":17,"column":38}}]}},"s":{"0":1,"1":1,"2":1,"3":1,"4":1,"5":1,"6":1,"7":1,"8":2,"9":2,"10":1,"11":1,"12":1},"f":{"0":1,"1":1,"2":1},"b":{"0":[1,0]}}
,"/home/luca/Desktop/codice-plastico/src/entities/Obstacle.ts": {"path":"/home/luca/Desktop/codice-plastico/src/entities/Obstacle.ts","statementMap":{"0":{"start":{"line":4,"column":0},"end":{"line":4,"column":null}},"1":{"start":{"line":9,"column":4},"end":{"line":9,"column":22}},"2":{"start":{"line":10,"column":4},"end":{"line":10,"column":27}},"3":{"start":{"line":12,"column":0},"end":{"line":12,"column":null}},"4":{"start":{"line":14,"column":0},"end":{"line":14,"column":24}}},"fnMap":{"0":{"name":"(anonymous_0)","decl":{"start":{"line":4,"column":0},"end":{"line":4,"column":null}},"loc":{"start":{"line":4,"column":0},"end":{"line":12,"column":null}}},"1":{"name":"Obstacle","decl":{"start":{"line":8,"column":2},"end":{"line":8,"column":14}},"loc":{"start":{"line":8,"column":32},"end":{"line":11,"column":3}}}},"branchMap":{},"s":{"0":4,"1":173,"2":173,"3":4,"4":4},"f":{"0":4,"1":173},"b":{}}
,"/home/luca/Desktop/codice-plastico/src/entities/Rover.ts": {"path":"/home/luca/Desktop/codice-plastico/src/entities/Rover.ts","statementMap":{"0":{"start":{"line":1,"column":0},"end":{"line":1,"column":32}},"1":{"start":{"line":2,"column":0},"end":{"line":2,"column":43}},"2":{"start":{"line":3,"column":0},"end":{"line":3,"column":59}},"3":{"start":{"line":4,"column":0},"end":{"line":4,"column":49}},"4":{"start":{"line":10,"column":0},"end":{"line":10,"column":31}},"5":{"start":{"line":15,"column":0},"end":{"line":15,"column":null}},"6":{"start":{"line":25,"column":4},"end":{"line":25,"column":36}},"7":{"start":{"line":26,"column":4},"end":{"line":26,"column":22}},"8":{"start":{"line":27,"column":4},"end":{"line":27,"column":21}},"9":{"start":{"line":28,"column":4},"end":{"line":28,"column":23}},"10":{"start":{"line":29,"column":4},"end":{"line":29,"column":22}},"11":{"start":{"line":31,"column":4},"end":{"line":31,"column":19}},"12":{"start":{"line":33,"column":4},"end":{"line":33,"column":28}},"13":{"start":{"line":37,"column":10},"end":{"line":78,"column":null}},"14":{"start":{"line":37,"column":2},"end":{"line":37,"column":10}},"15":{"start":{"line":38,"column":4},"end":{"line":77,"column":7}},"16":{"start":{"line":39,"column":6},"end":{"line":42,"column":9}},"17":{"start":{"line":44,"column":6},"end":{"line":45,"column":23}},"18":{"start":{"line":47,"column":6},"end":{"line":51,"column":9}},"19":{"start":{"line":49,"column":10},"end":{"line":49,"column":81}},"20":{"start":{"line":53,"column":6},"end":{"line":76,"column":null}},"21":{"start":{"line":54,"column":8},"end":{"line":75,"column":null}},"22":{"start":{"line":58,"column":32},"end":{"line":58,"column":36}},"23":{"start":{"line":59,"column":38},"end":{"line":59,"column":42}},"24":{"start":{"line":60,"column":14},"end":{"line":71,"column":null}},"25":{"start":{"line":61,"column":16},"end":{"line":63,"column":null}},"26":{"start":{"line":62,"column":18},"end":{"line":62,"column":31}},"27":{"start":{"line":64,"column":16},"end":{"line":64,"column":null}},"28":{"start":{"line":66,"column":16},"end":{"line":70,"column":null}},"29":{"start":{"line":67,"column":18},"end":{"line":67,"column":25}},"30":{"start":{"line":69,"column":18},"end":{"line":69,"column":null}},"31":{"start":{"line":72,"column":14},"end":{"line":72,"column":47}},"32":{"start":{"line":80,"column":10},"end":{"line":108,"column":null}},"33":{"start":{"line":81,"column":20},"end":{"line":81,"column":43}},"34":{"start":{"line":82,"column":4},"end":{"line":107,"column":null}},"35":{"start":{"line":83,"column":6},"end":{"line":106,"column":11}},"36":{"start":{"line":89,"column":30},"end":{"line":89,"column":34}},"37":{"start":{"line":90,"column":36},"end":{"line":90,"column":40}},"38":{"start":{"line":91,"column":12},"end":{"line":103,"column":null}},"39":{"start":{"line":92,"column":14},"end":{"line":96,"column":null}},"40":{"start":{"line":93,"column":16},"end":{"line":93,"column":29}},"41":{"start":{"line":95,"column":16},"end":{"line":95,"column":null}},"42":{"start":{"line":98,"column":14},"end":{"line":102,"column":null}},"43":{"start":{"line":99,"column":16},"end":{"line":99,"column":23}},"44":{"start":{"line":101,"column":16},"end":{"line":101,"column":null}},"45":{"start":{"line":104,"column":12},"end":{"line":104,"column":50}},"46":{"start":{"line":110,"column":10},"end":{"line":115,"column":null}},"47":{"start":{"line":111,"column":4},"end":{"line":111,"column":87}},"48":{"start":{"line":111,"column":35},"end":{"line":111,"column":78}},"49":{"start":{"line":111,"column":80},"end":{"line":111,"column":87}},"50":{"start":{"line":112,"column":14},"end":{"line":112,"column":31}},"51":{"start":{"line":113,"column":4},"end":{"line":113,"column":26}},"52":{"start":{"line":114,"column":4},"end":{"line":114,"column":25}},"53":{"start":{"line":117,"column":10},"end":{"line":122,"column":null}},"54":{"start":{"line":118,"column":4},"end":{"line":118,"column":93}},"55":{"start":{"line":118,"column":49},"end":{"line":118,"column":92}},"56":{"start":{"line":119,"column":4},"end":{"line":121,"column":null}},"57":{"start":{"line":120,"column":6},"end":{"line":120,"column":null}},"58":{"start":{"line":124,"column":2},"end":{"line":126,"column":null}},"59":{"start":{"line":124,"column":8},"end":{"line":124,"column":null}},"60":{"start":{"line":125,"column":4},"end":{"line":125,"column":41}},"61":{"start":{"line":125,"column":17},"end":{"line":125,"column":41}},"62":{"start":{"line":128,"column":2},"end":{"line":131,"column":null}},"63":{"start":{"line":129,"column":4},"end":{"line":129,"column":25}},"64":{"start":{"line":130,"column":4},"end":{"line":130,"column":null}},"65":{"start":{"line":16,"column":14},"end":{"line":16,"column":null}},"66":{"start":{"line":20,"column":14},"end":{"line":20,"column":null}},"67":{"start":{"line":21,"column":14},"end":{"line":21,"column":null}},"68":{"start":{"line":132,"column":0},"end":{"line":132,"column":null}},"69":{"start":{"line":134,"column":0},"end":{"line":134,"column":21}}},"fnMap":{"0":{"name":"(anonymous_1)","decl":{"start":{"line":15,"column":0},"end":{"line":15,"column":null}},"loc":{"start":{"line":15,"column":0},"end":{"line":15,"column":null}}},"1":{"name":"Rover","decl":{"start":{"line":24,"column":2},"end":{"line":24,"column":14}},"loc":{"start":{"line":24,"column":64},"end":{"line":35,"column":3}}},"2":{"name":"(anonymous_3)","decl":{"start":{"line":37,"column":2},"end":{"line":37,"column":10}},"loc":{"start":{"line":37,"column":2},"end":{"line":78,"column":3}}},"3":{"name":"(anonymous_4)","decl":{"start":{"line":38,"column":29},"end":{"line":38,"column":30}},"loc":{"start":{"line":38,"column":46},"end":{"line":77,"column":5}}},"4":{"name":"(anonymous_5)","decl":{"start":{"line":48,"column":14},"end":{"line":48,"column":15}},"loc":{"start":{"line":48,"column":16},"end":{"line":50,"column":9}}},"5":{"name":"(anonymous_6)","decl":{"start":{"line":53,"column":28},"end":{"line":53,"column":35}},"loc":{"start":{"line":53,"column":35},"end":{"line":76,"column":7}}},"6":{"name":"(anonymous_7)","decl":{"start":{"line":57,"column":18},"end":{"line":57,"column":19}},"loc":{"start":{"line":57,"column":24},"end":{"line":74,"column":13}}},"7":{"name":"(anonymous_8)","decl":{"start":{"line":80,"column":2},"end":{"line":80,"column":10}},"loc":{"start":{"line":80,"column":38},"end":{"line":108,"column":3}}},"8":{"name":"(anonymous_9)","decl":{"start":{"line":88,"column":16},"end":{"line":88,"column":17}},"loc":{"start":{"line":88,"column":23},"end":{"line":105,"column":11}}},"9":{"name":"(anonymous_10)","decl":{"start":{"line":110,"column":10},"end":{"line":110,"column":20}},"loc":{"start":{"line":110,"column":41},"end":{"line":115,"column":3}}},"10":{"name":"(anonymous_11)","decl":{"start":{"line":111,"column":27},"end":{"line":111,"column":31}},"loc":{"start":{"line":111,"column":31},"end":{"line":111,"column":39}}},"11":{"name":"(anonymous_12)","decl":{"start":{"line":117,"column":10},"end":{"line":117,"column":23}},"loc":{"start":{"line":117,"column":44},"end":{"line":122,"column":3}}},"12":{"name":"(anonymous_13)","decl":{"start":{"line":118,"column":41},"end":{"line":118,"column":45}},"loc":{"start":{"line":118,"column":45},"end":{"line":118,"column":53}}},"13":{"name":"(anonymous_14)","decl":{"start":{"line":124,"column":2},"end":{"line":124,"column":7}},"loc":{"start":{"line":124,"column":39},"end":{"line":126,"column":3}}},"14":{"name":"(anonymous_15)","decl":{"start":{"line":124,"column":8},"end":{"line":124,"column":38}},"loc":{"start":{"line":124,"column":8},"end":{"line":124,"column":39}}},"15":{"name":"(anonymous_16)","decl":{"start":{"line":128,"column":2},"end":{"line":128,"column":8}},"loc":{"start":{"line":128,"column":20},"end":{"line":131,"column":3}}}},"branchMap":{"0":{"loc":{"start":{"line":60,"column":14},"end":{"line":71,"column":null}},"type":"if","locations":[{"start":{"line":60,"column":14},"end":{"line":71,"column":null}},{"start":{"line":60,"column":14},"end":{"line":71,"column":null}}]},"1":{"loc":{"start":{"line":61,"column":16},"end":{"line":63,"column":null}},"type":"if","locations":[{"start":{"line":61,"column":16},"end":{"line":63,"column":null}},{"start":{"line":61,"column":16},"end":{"line":63,"column":null}}]},"2":{"loc":{"start":{"line":66,"column":16},"end":{"line":70,"column":null}},"type":"if","locations":[{"start":{"line":66,"column":16},"end":{"line":70,"column":null}},{"start":{"line":66,"column":16},"end":{"line":70,"column":null}}]},"3":{"loc":{"start":{"line":91,"column":12},"end":{"line":103,"column":null}},"type":"if","locations":[{"start":{"line":91,"column":12},"end":{"line":103,"column":null}},{"start":{"line":91,"column":12},"end":{"line":103,"column":null}}]},"4":{"loc":{"start":{"line":92,"column":14},"end":{"line":96,"column":null}},"type":"if","locations":[{"start":{"line":92,"column":14},"end":{"line":96,"column":null}},{"start":{"line":92,"column":14},"end":{"line":96,"column":null}}]},"5":{"loc":{"start":{"line":98,"column":14},"end":{"line":102,"column":null}},"type":"if","locations":[{"start":{"line":98,"column":14},"end":{"line":102,"column":null}},{"start":{"line":98,"column":14},"end":{"line":102,"column":null}}]},"6":{"loc":{"start":{"line":111,"column":4},"end":{"line":111,"column":87}},"type":"if","locations":[{"start":{"line":111,"column":4},"end":{"line":111,"column":87}},{"start":{"line":111,"column":4},"end":{"line":111,"column":87}}]},"7":{"loc":{"start":{"line":124,"column":8},"end":{"line":124,"column":null}},"type":"if","locations":[{"start":{"line":124,"column":8},"end":{"line":124,"column":null}},{"start":{"line":124,"column":8},"end":{"line":124,"column":null}}]},"8":{"loc":{"start":{"line":125,"column":4},"end":{"line":125,"column":41}},"type":"if","locations":[{"start":{"line":125,"column":4},"end":{"line":125,"column":41}},{"start":{"line":125,"column":4},"end":{"line":125,"column":41}}]}},"s":{"0":2,"1":2,"2":2,"3":2,"4":2,"5":2,"6":11,"7":11,"8":11,"9":11,"10":11,"11":11,"12":11,"13":2,"14":11,"15":11,"16":11,"17":11,"18":11,"19":11,"20":11,"21":16,"22":15,"23":15,"24":15,"25":2,"26":2,"27":2,"28":13,"29":3,"30":10,"31":15,"32":2,"33":14,"34":14,"35":1,"36":1,"37":1,"38":1,"39":0,"40":0,"41":0,"42":1,"43":1,"44":0,"45":1,"46":4,"47":14,"48":5,"49":0,"50":14,"51":14,"52":14,"53":4,"54":1,"55":2,"56":1,"57":1,"58":2,"59":24,"60":12,"61":12,"62":2,"63":11,"64":11,"65":2,"66":2,"67":2,"68":2,"69":2},"f":{"0":2,"1":11,"2":11,"3":11,"4":11,"5":16,"6":15,"7":14,"8":1,"9":14,"10":5,"11":1,"12":2,"13":12,"14":10,"15":11},"b":{"0":[2,13],"1":[2,0],"2":[3,10],"3":[0,1],"4":[0,0],"5":[1,0],"6":[0,14],"7":[12,0],"8":[12,0]}}
,"/home/luca/Desktop/codice-plastico/src/interfaces/Direction.ts": {"path":"/home/luca/Desktop/codice-plastico/src/interfaces/Direction.ts","statementMap":{"0":{"start":{"line":1,"column":0},"end":{"line":1,"column":null}},"1":{"start":{"line":2,"column":2},"end":{"line":2,"column":null}},"2":{"start":{"line":3,"column":2},"end":{"line":3,"column":null}},"3":{"start":{"line":4,"column":2},"end":{"line":4,"column":null}},"4":{"start":{"line":5,"column":2},"end":{"line":5,"column":null}},"5":{"start":{"line":8,"column":0},"end":{"line":8,"column":26}}},"fnMap":{"0":{"name":"(anonymous_0)","decl":{"start":{"line":1,"column":0},"end":{"line":1,"column":5}},"loc":{"start":{"line":1,"column":15},"end":{"line":6,"column":1}}}},"branchMap":{"0":{"loc":{"start":{"line":1,"column":5},"end":{"line":1,"column":15}},"type":"binary-expr","locations":[{"start":{"line":1,"column":5},"end":{"line":1,"column":15}},{"start":{"line":1,"column":5},"end":{"line":1,"column":null}}]}},"s":{"0":1,"1":1,"2":1,"3":1,"4":1,"5":1},"f":{"0":1},"b":{"0":[1,1]}}
}
