TN:
SF:/home/luca/Desktop/codice-plastico/src/Grid.ts
FN:8,(anonymous_1)
FN:15,Grid
FN:33,(anonymous_3)
FN:37,(anonymous_4)
FN:40,(anonymous_5)
FN:43,(anonymous_6)
FN:47,(anonymous_7)
FN:54,(anonymous_8)
FN:68,(anonymous_9)
FN:75,(anonymous_10)
FN:85,(anonymous_11)
FNF:11
FNH:11
FNDA:3,(anonymous_1)
FNDA:23,Grid
FNDA:1,(anonymous_3)
FNDA:629,(anonymous_4)
FNDA:4,(anonymous_5)
FNDA:2,(anonymous_6)
FNDA:11,(anonymous_7)
FNDA:23,(anonymous_8)
FNDA:9,(anonymous_9)
FNDA:1,(anonymous_10)
FNDA:1,(anonymous_11)
DA:1,3
DA:2,3
DA:5,3
DA:8,3
DA:11,3
DA:15,23
DA:16,23
DA:17,23
DA:18,23
DA:19,23
DA:21,23
DA:22,360
DA:26,23
DA:27,2
DA:30,23
DA:33,3
DA:34,1
DA:37,3
DA:38,629
DA:40,3
DA:41,4
DA:43,3
DA:44,2
DA:47,3
DA:48,11
DA:49,11
DA:51,2
DA:54,23
DA:55,23
DA:56,168
DA:57,168
DA:58,168
DA:59,7
DA:60,7
DA:62,168
DA:63,168
DA:64,168
DA:68,3
DA:69,9
DA:70,9
DA:71,9
DA:72,9
DA:75,3
DA:76,1
DA:77,1
DA:78,1
DA:79,0
DA:80,0
DA:82,1
DA:85,3
DA:86,1
DA:87,1
DA:88,10
DA:89,200
DA:90,200
DA:91,186
DA:93,14
DA:96,10
DA:98,1
DA:100,3
DA:102,3
LF:61
LH:59
BRDA:15,0,0,0
BRDA:15,0,1,23
BRDA:26,1,0,2
BRDA:26,1,1,21
BRDA:49,2,0,9
BRDA:49,2,1,2
BRDA:49,3,0,11
BRDA:49,3,1,2
BRDA:54,4,0,0
BRDA:54,4,1,23
BRDA:69,5,0,0
BRDA:69,5,1,9
BRDA:70,6,0,0
BRDA:70,6,1,9
BRDA:90,7,0,186
BRDA:90,7,1,14
BRF:16
BRH:12
end_of_record
TN:
SF:/home/luca/Desktop/codice-plastico/src/Logger.ts
FNF:0
FNH:0
DA:1,2
DA:2,2
DA:3,2
DA:5,2
DA:6,2
DA:9,2
LF:6
LH:6
BRDA:5,0,0,2
BRDA:5,0,1,0
BRDA:10,1,0,2
BRDA:10,1,1,0
BRDA:10,2,0,0
BRDA:10,2,1,0
BRF:6
BRH:2
end_of_record
TN:
SF:/home/luca/Desktop/codice-plastico/src/commands/grid.command.ts
FN:5,(anonymous_0)
FN:10,GridCommand
FN:14,(anonymous_2)
FN:19,(anonymous_3)
FNF:4
FNH:3
FNDA:1,(anonymous_0)
FNDA:1,GridCommand
FNDA:1,(anonymous_2)
FNDA:0,(anonymous_3)
DA:5,1
DA:7,1
DA:8,1
DA:11,1
DA:14,1
DA:15,1
DA:16,1
DA:19,0
DA:23,1
DA:25,1
LF:10
LH:9
BRF:0
BRH:0
end_of_record
TN:
SF:/home/luca/Desktop/codice-plastico/src/commands/history.command.ts
FN:8,(anonymous_0)
FN:13,HistoryCommand
FN:15,(anonymous_2)
FN:15,(anonymous_3)
FN:17,(anonymous_4)
FNF:5
FNH:5
FNDA:2,(anonymous_0)
FNDA:3,HistoryCommand
FNDA:3,(anonymous_2)
FNDA:4,(anonymous_3)
FNDA:2,(anonymous_4)
DA:6,2
DA:8,2
DA:10,2
DA:11,3
DA:14,3
DA:15,4
DA:17,2
DA:18,2
DA:19,2
DA:20,2
DA:22,2
DA:24,2
LF:12
LH:12
BRDA:19,0,0,0
BRDA:19,0,1,2
BRF:2
BRH:1
end_of_record
TN:
SF:/home/luca/Desktop/codice-plastico/src/commands/move.command.ts
FN:13,(anonymous_0)
FN:18,MoveCommand
FN:21,(anonymous_2)
FN:26,(anonymous_3)
FN:29,(anonymous_4)
FN:36,(anonymous_5)
FN:45,(anonymous_6)
FN:66,(anonymous_7)
FN:71,(anonymous_8)
FN:86,(anonymous_9)
FNF:10
FNH:8
FNDA:1,(anonymous_0)
FNDA:8,MoveCommand
FNDA:10,(anonymous_2)
FNDA:14,(anonymous_3)
FNDA:14,(anonymous_4)
FNDA:1,(anonymous_5)
FNDA:0,(anonymous_6)
FNDA:1,(anonymous_7)
FNDA:4,(anonymous_8)
FNDA:0,(anonymous_9)
DA:1,1
DA:2,1
DA:10,1
DA:11,1
DA:13,1
DA:15,1
DA:16,8
DA:19,8
DA:21,10
DA:22,10
DA:23,10
DA:24,10
DA:26,14
DA:30,14
DA:32,4
DA:33,4
DA:34,4
DA:36,1
DA:39,4
DA:41,2
DA:42,2
DA:43,1
DA:45,0
DA:48,2
DA:50,6
DA:51,6
DA:55,6
DA:57,1
DA:58,1
DA:60,5
DA:61,5
DA:62,5
DA:64,5
DA:66,1
DA:69,5
DA:71,4
DA:72,2
DA:76,2
DA:77,0
DA:78,0
DA:80,2
DA:81,2
DA:82,2
DA:84,1
DA:86,0
DA:89,2
DA:94,1
DA:96,1
LF:48
LH:44
BRDA:31,0,0,4
BRDA:31,0,1,2
BRDA:31,0,2,6
BRDA:31,0,3,2
BRDA:32,1,0,0
BRDA:32,1,1,4
BRDA:33,2,0,4
BRDA:33,2,1,0
BRDA:42,3,0,1
BRDA:42,3,1,1
BRDA:55,4,0,1
BRDA:55,4,1,5
BRDA:62,5,0,5
BRDA:62,5,1,0
BRDA:76,6,0,0
BRDA:76,6,1,2
BRDA:82,7,0,1
BRDA:82,7,1,1
BRF:18
BRH:14
end_of_record
TN:
SF:/home/luca/Desktop/codice-plastico/src/commands/position.command.ts
FN:8,(anonymous_0)
FN:13,PositionCommand
FN:15,(anonymous_2)
FN:20,(anonymous_3)
FNF:4
FNH:4
FNDA:2,(anonymous_0)
FNDA:3,PositionCommand
FNDA:1,(anonymous_2)
FNDA:6,(anonymous_3)
DA:5,2
DA:6,2
DA:8,2
DA:9,2
DA:10,3
DA:14,3
DA:15,3
DA:16,1
DA:17,1
DA:20,2
DA:21,6
DA:22,6
DA:23,5
DA:25,2
DA:27,2
LF:15
LH:15
BRDA:22,0,0,1
BRDA:22,0,1,5
BRF:2
BRH:2
end_of_record
TN:
SF:/home/luca/Desktop/codice-plastico/src/commands/undo.command.ts
FN:6,(anonymous_0)
FN:11,UndoCommand
FN:15,(anonymous_2)
FNF:3
FNH:3
FNDA:1,(anonymous_0)
FNDA:1,UndoCommand
FNDA:1,(anonymous_2)
DA:6,1
DA:7,1
DA:8,1
DA:12,1
DA:15,1
DA:16,1
DA:17,1
DA:18,1
DA:19,2
DA:20,2
DA:23,1
DA:25,1
LF:12
LH:12
BRDA:17,0,0,1
BRDA:17,0,1,0
BRF:2
BRH:1
end_of_record
TN:
SF:/home/luca/Desktop/codice-plastico/src/entities/Obstacle.ts
FN:4,(anonymous_0)
FN:8,Obstacle
FNF:2
FNH:2
FNDA:4,(anonymous_0)
FNDA:173,Obstacle
DA:4,4
DA:9,173
DA:10,173
DA:12,4
DA:14,4
LF:5
LH:5
BRF:0
BRH:0
end_of_record
TN:
SF:/home/luca/Desktop/codice-plastico/src/entities/Rover.ts
FN:15,(anonymous_1)
FN:24,Rover
FN:37,(anonymous_3)
FN:38,(anonymous_4)
FN:48,(anonymous_5)
FN:53,(anonymous_6)
FN:57,(anonymous_7)
FN:80,(anonymous_8)
FN:88,(anonymous_9)
FN:110,(anonymous_10)
FN:111,(anonymous_11)
FN:117,(anonymous_12)
FN:118,(anonymous_13)
FN:124,(anonymous_14)
FN:124,(anonymous_15)
FN:128,(anonymous_16)
FNF:16
FNH:16
FNDA:2,(anonymous_1)
FNDA:11,Rover
FNDA:11,(anonymous_3)
FNDA:11,(anonymous_4)
FNDA:11,(anonymous_5)
FNDA:16,(anonymous_6)
FNDA:15,(anonymous_7)
FNDA:14,(anonymous_8)
FNDA:1,(anonymous_9)
FNDA:14,(anonymous_10)
FNDA:5,(anonymous_11)
FNDA:1,(anonymous_12)
FNDA:2,(anonymous_13)
FNDA:12,(anonymous_14)
FNDA:10,(anonymous_15)
FNDA:11,(anonymous_16)
DA:1,2
DA:2,2
DA:3,2
DA:4,2
DA:10,2
DA:15,2
DA:16,2
DA:20,2
DA:21,2
DA:25,11
DA:26,11
DA:27,11
DA:28,11
DA:29,11
DA:31,11
DA:33,11
DA:37,11
DA:38,11
DA:39,11
DA:44,11
DA:47,11
DA:49,11
DA:53,11
DA:54,16
DA:58,15
DA:59,15
DA:60,15
DA:61,2
DA:62,2
DA:64,2
DA:66,13
DA:67,3
DA:69,10
DA:72,15
DA:80,2
DA:81,14
DA:82,14
DA:83,1
DA:89,1
DA:90,1
DA:91,1
DA:92,0
DA:93,0
DA:95,0
DA:98,1
DA:99,1
DA:101,0
DA:104,1
DA:110,4
DA:111,14
DA:112,14
DA:113,14
DA:114,14
DA:117,4
DA:118,2
DA:119,1
DA:120,1
DA:124,24
DA:125,12
DA:128,2
DA:129,11
DA:130,11
DA:132,2
DA:134,2
LF:64
LH:60
BRDA:60,0,0,2
BRDA:60,0,1,13
BRDA:61,1,0,2
BRDA:61,1,1,0
BRDA:66,2,0,3
BRDA:66,2,1,10
BRDA:91,3,0,0
BRDA:91,3,1,1
BRDA:92,4,0,0
BRDA:92,4,1,0
BRDA:98,5,0,1
BRDA:98,5,1,0
BRDA:111,6,0,0
BRDA:111,6,1,14
BRDA:124,7,0,12
BRDA:124,7,1,0
BRDA:125,8,0,12
BRDA:125,8,1,0
BRF:18
BRH:10
end_of_record
TN:
SF:/home/luca/Desktop/codice-plastico/src/interfaces/Direction.ts
FN:1,(anonymous_0)
FNF:1
FNH:1
FNDA:1,(anonymous_0)
DA:1,1
DA:2,1
DA:3,1
DA:4,1
DA:5,1
DA:8,1
LF:6
LH:6
BRDA:1,0,0,1
BRDA:1,0,1,1
BRF:2
BRH:2
end_of_record
